==================== Dataset  Information ====================
Dataset: Benzene
Number of features: 14
Number of classes: 2
Number of graphs: 12000
Average number of nodes: 20.58275
Average number of edges: 43.6535
Train size: 8399
Validation size: 1201
Test size: 2400
Shuffle:True
Device: cuda
============================================================
Loaded gnn from gnn\model_weights\Benzene_GIN_3layer.pth
GNN type: GIN_3layer,          hidden_channels: 64,          lr: 0.01,          weight_decay: 0.001
  0%|          | 0/15 [00:00<?, ?it/s] 13%|¨€¨†        | 2/15 [00:02<00:15,  1.17s/it] 20%|¨€¨€        | 3/15 [00:06<00:30,  2.53s/it] 33%|¨€¨€¨€¨†      | 5/15 [00:09<00:20,  2.00s/it] 40%|¨€¨€¨€¨€      | 6/15 [00:12<00:19,  2.21s/it] 53%|¨€¨€¨€¨€¨€¨†    | 8/15 [00:15<00:13,  1.86s/it] 67%|¨€¨€¨€¨€¨€¨€¨ƒ   | 10/15 [00:18<00:08,  1.80s/it] 73%|¨€¨€¨€¨€¨€¨€¨€¨†  | 11/15 [00:21<00:08,  2.03s/it] 80%|¨€¨€¨€¨€¨€¨€¨€¨€  | 12/15 [00:23<00:05,  1.94s/it] 87%|¨€¨€¨€¨€¨€¨€¨€¨€¨ƒ | 13/15 [00:24<00:03,  1.80s/it] 93%|¨€¨€¨€¨€¨€¨€¨€¨€¨€¨†| 14/15 [00:26<00:01,  1.69s/it]100%|¨€¨€¨€¨€¨€¨€¨€¨€¨€¨€| 15/15 [00:26<00:00,  1.74s/it]
Average GEA: 0.2889755638980155
Average GEF: 0.5868232795497542
Average fid+: 0.3
Average fid-: 0.5
Average sparsity: 0.6608484089374542
Average time pre graph: 2.6064123153686523
