==================== Dataset  Information ====================
Dataset: grid_triangle
Number of features: 10
Number of classes: 2
Number of graphs: 1000
Average number of nodes: 26.0
Average number of edges: 55.0
Train size: 699
Validation size: 101
Test size: 200
Shuffle:True
Device: cuda
============================================================
Loaded gnn from gnn\model_weights\grid_triangle_GIN_3layer.pth
GNN type: GIN_3layer,          hidden_channels: 32,          lr: 0.001,          weight_decay: 0.0
  0%|          | 0/15 [00:00<?, ?it/s]  7%|¨ƒ         | 1/15 [00:06<01:33,  6.68s/it] 13%|¨€¨†        | 2/15 [00:12<01:23,  6.43s/it] 20%|¨€¨€        | 3/15 [00:24<01:45,  8.79s/it] 27%|¨€¨€¨ƒ       | 4/15 [00:30<01:26,  7.83s/it] 33%|¨€¨€¨€¨†      | 5/15 [00:37<01:13,  7.33s/it] 40%|¨€¨€¨€¨€      | 6/15 [00:43<01:02,  6.94s/it] 47%|¨€¨€¨€¨€¨ƒ     | 7/15 [00:50<00:54,  6.85s/it] 53%|¨€¨€¨€¨€¨€¨†    | 8/15 [01:01<00:57,  8.21s/it] 60%|¨€¨€¨€¨€¨€¨€    | 9/15 [01:12<00:55,  9.19s/it] 67%|¨€¨€¨€¨€¨€¨€¨ƒ   | 10/15 [01:24<00:49,  9.97s/it] 73%|¨€¨€¨€¨€¨€¨€¨€¨†  | 11/15 [01:30<00:35,  8.85s/it] 80%|¨€¨€¨€¨€¨€¨€¨€¨€  | 12/15 [01:40<00:27,  9.23s/it] 87%|¨€¨€¨€¨€¨€¨€¨€¨€¨ƒ | 13/15 [01:52<00:19,  9.89s/it] 93%|¨€¨€¨€¨€¨€¨€¨€¨€¨€¨†| 14/15 [01:58<00:08,  8.87s/it]100%|¨€¨€¨€¨€¨€¨€¨€¨€¨€¨€| 15/15 [02:09<00:00,  9.58s/it]100%|¨€¨€¨€¨€¨€¨€¨€¨€¨€¨€| 15/15 [02:09<00:00,  8.66s/it]
Average GEA: 0.02777777777662037
Average GEF: 0.1926206580478946
Average fid+: 0.0
Average fid-: 0.06666666666666667
Average sparsity: 0.9448369557658831
Average time pre graph: 8.65478547414144
