==================== Dataset  Information ====================
Dataset: house_cycle
Number of features: 10
Number of classes: 2
Number of graphs: 1000
Average number of nodes: 25.0
Average number of edges: 51.0
Train size: 699
Validation size: 101
Test size: 200
Shuffle:True
Device: cuda
============================================================
Loaded gnn from gnn\model_weights\house_cycle_GIN_3layer.pth
GNN type: GIN_3layer,          hidden_channels: 32,          lr: 0.001,          weight_decay: 0.0
  0%|          | 0/15 [00:00<?, ?it/s]  7%|¨ƒ         | 1/15 [00:07<01:50,  7.92s/it] 13%|¨€¨†        | 2/15 [00:17<01:54,  8.77s/it] 20%|¨€¨€        | 3/15 [00:28<01:57,  9.81s/it] 27%|¨€¨€¨ƒ       | 4/15 [00:35<01:34,  8.61s/it] 33%|¨€¨€¨€¨†      | 5/15 [00:43<01:25,  8.58s/it] 40%|¨€¨€¨€¨€      | 6/15 [00:50<01:10,  7.87s/it] 47%|¨€¨€¨€¨€¨ƒ     | 7/15 [00:58<01:03,  7.93s/it] 53%|¨€¨€¨€¨€¨€¨†    | 8/15 [01:05<00:54,  7.85s/it] 60%|¨€¨€¨€¨€¨€¨€    | 9/15 [01:13<00:47,  7.85s/it] 67%|¨€¨€¨€¨€¨€¨€¨ƒ   | 10/15 [01:21<00:39,  7.87s/it] 73%|¨€¨€¨€¨€¨€¨€¨€¨†  | 11/15 [01:29<00:31,  7.83s/it] 80%|¨€¨€¨€¨€¨€¨€¨€¨€  | 12/15 [01:37<00:23,  7.84s/it] 87%|¨€¨€¨€¨€¨€¨€¨€¨€¨ƒ | 13/15 [01:44<00:15,  7.61s/it] 93%|¨€¨€¨€¨€¨€¨€¨€¨€¨€¨†| 14/15 [01:52<00:07,  7.66s/it]100%|¨€¨€¨€¨€¨€¨€¨€¨€¨€¨€| 15/15 [02:00<00:00,  7.80s/it]100%|¨€¨€¨€¨€¨€¨€¨€¨€¨€¨€| 15/15 [02:00<00:00,  8.01s/it]
Average GEA: 0.1311111110992963
Average GEF: 0.26666666666666666
Average fid+: 0.0
Average fid-: 0.26666666666666666
Average sparsity: 0.9713846149543921
Average time pre graph: 8.004186137517292
