==================== Dataset  Information ====================
Dataset: house_triangle
Number of features: 10
Number of classes: 2
Number of graphs: 1000
Average number of nodes: 24.0
Average number of edges: 49.0
Train size: 699
Validation size: 101
Test size: 200
Shuffle:True
Device: cuda
============================================================
Loaded gnn from gnn\model_weights\house_triangle_GIN_3layer.pth
GNN type: GIN_3layer,          hidden_channels: 32,          lr: 0.001,          weight_decay: 0.0
  0%|          | 0/15 [00:00<?, ?it/s]  7%|¨ƒ         | 1/15 [00:06<01:29,  6.40s/it] 13%|¨€¨†        | 2/15 [00:12<01:21,  6.27s/it] 20%|¨€¨€        | 3/15 [00:19<01:20,  6.70s/it] 27%|¨€¨€¨ƒ       | 4/15 [00:26<01:13,  6.65s/it] 33%|¨€¨€¨€¨†      | 5/15 [00:32<01:06,  6.61s/it] 40%|¨€¨€¨€¨€      | 6/15 [00:39<00:59,  6.57s/it] 47%|¨€¨€¨€¨€¨ƒ     | 7/15 [00:45<00:51,  6.42s/it] 53%|¨€¨€¨€¨€¨€¨†    | 8/15 [00:53<00:49,  7.06s/it] 60%|¨€¨€¨€¨€¨€¨€    | 9/15 [01:01<00:43,  7.26s/it] 67%|¨€¨€¨€¨€¨€¨€¨ƒ   | 10/15 [01:10<00:38,  7.65s/it] 73%|¨€¨€¨€¨€¨€¨€¨€¨†  | 11/15 [01:16<00:29,  7.40s/it] 80%|¨€¨€¨€¨€¨€¨€¨€¨€  | 12/15 [01:24<00:22,  7.38s/it] 87%|¨€¨€¨€¨€¨€¨€¨€¨€¨ƒ | 13/15 [01:31<00:14,  7.25s/it] 93%|¨€¨€¨€¨€¨€¨€¨€¨€¨€¨†| 14/15 [01:37<00:07,  7.01s/it]100%|¨€¨€¨€¨€¨€¨€¨€¨€¨€¨€| 15/15 [01:45<00:00,  7.31s/it]100%|¨€¨€¨€¨€¨€¨€¨€¨€¨€¨€| 15/15 [01:45<00:00,  7.05s/it]
Average GEA: 0.07777777777129628
Average GEF: 0.4345354517300924
Average fid+: 0.0
Average fid-: 0.06666666666666667
Average sparsity: 0.9617614259322484
Average time pre graph: 7.0403328736623125
